<?xml version="1.0" encoding="UTF-8"?>
<!-- Generated by org.testng.reporters.JUnitXMLReporter -->
<testsuite ignored="0" hostname="Yeasin" failures="1" tests="1" name="Test(failed)" time="16.057" errors="0" timestamp="2024-12-03T20:54:25 EST">
  <testcase classname="testCases.TC002_AccountLoginTest" name="verify_account_login" time="12.072">
    <failure type="java.lang.AssertionError" message="Login failed expected [true] but found [false]">
      <![CDATA[java.lang.AssertionError: Login failed expected [true] but found [false]
at testCases.TC002_AccountLoginTest.verify_account_login(TC002_AccountLoginTest.java:27)
at java.base/java.util.ArrayList.forEach(ArrayList.java:1511)
... Removed 33 stack frames]]>
    </failure>
  </testcase> <!-- verify_account_login -->
</testsuite> <!-- Test(failed) -->
